<?xml version="1.0" encoding="UTF-8"?>
<!-- Generated by org.testng.reporters.JUnitXMLReporter -->
<testsuite ignored="0" hostname="Mac" failures="1" tests="2" name="Error Validation Test" time="16.073" errors="0" timestamp="2025-03-30T18:42:51 EDT">
  <testcase classname="SeleniumByHarman.tests.ErrorValidations" name="cartErrorValidation" time="8.572"/>
  <testcase classname="SeleniumByHarman.tests.ErrorValidations" name="loginErrorValidation" time="0.358">
    <failure type="java.lang.AssertionError" message="expected [Incorrect email or password.] but found [Incorrect email or ]">
      <![CDATA[java.lang.AssertionError: expected [Incorrect email or password.] but found [Incorrect email or ]
at SeleniumByHarman.tests.ErrorValidations.loginErrorValidation(ErrorValidations.java:33)
at java.base/java.util.ArrayList.forEach(ArrayList.java:1597)
at java.base/java.util.concurrent.FutureTask.run(FutureTask.java:317)
at java.base/java.util.concurrent.ThreadPoolExecutor.runWorker(ThreadPoolExecutor.java:1144)
at java.base/java.util.concurrent.ThreadPoolExecutor$Worker.run(ThreadPoolExecutor.java:642)
at java.base/java.lang.Thread.run(Thread.java:1570)
... Removed 21 stack frames]]>
    </failure>
  </testcase> <!-- loginErrorValidation -->
</testsuite> <!-- Error Validation Test -->
